<?xml version="1.0" encoding="UTF-8"?>
<!-- Generated by org.testng.reporters.JUnitXMLReporter -->
<testsuite hostname="DESKTOP-9C2HJJE" ignored="0" name="Default test" tests="5" failures="0" timestamp="01 May 2019 00:40:10 GMT" time="116.497" errors="0">
  <testcase name="errorVerificationWhennoValuePassedInForm" time="24.078" classname="com.automation.tests.CreateAccountPageTest"/>
  <testcase name="verifyCreateAccontPage" time="0.025" classname="com.automation.tests.CreateAccountPageTest"/>
  <testcase name="verifyElementDoesNotExistForCountrySelection" time="4.223" classname="com.automation.tests.CreateAccountPageTest"/>
  <testcase name="verifyNewAccountCreation" time="5.025" classname="com.automation.tests.CreateAccountPageTest"/>
  <testcase name="verifyNoPhoneNumberPassed" time="4.685" classname="com.automation.tests.CreateAccountPageTest"/>
</testsuite> <!-- Default test -->
