<?xml version="1.0" encoding="UTF-8"?>
<testng-results skipped="0" failed="0" ignored="0" total="1" passed="1">
  <reporter-output>
  </reporter-output>
  <suite name="Default suite" duration-ms="12443" started-at="2019-04-30T04:12:58Z" finished-at="2019-04-30T04:13:11Z">
    <groups>
    </groups>
    <test name="Default test" duration-ms="12443" started-at="2019-04-30T04:12:58Z" finished-at="2019-04-30T04:13:11Z">
      <class name="com.automation.tests.CategoryPageTest">
        <test-method status="PASS" signature="setup()[pri:0, instance:com.automation.tests.CategoryPageTest@49139829]" name="setup" is-config="true" duration-ms="7617" started-at="2019-04-30T00:12:58Z" finished-at="2019-04-30T00:13:06Z">
          <reporter-output>
          </reporter-output>
        </test-method> <!-- setup -->
        <test-method status="PASS" signature="verifyselectItemAndCheckOut()[pri:0, instance:com.automation.tests.CategoryPageTest@49139829]" name="verifyselectItemAndCheckOut" duration-ms="4811" started-at="2019-04-30T00:13:06Z" finished-at="2019-04-30T00:13:11Z">
          <reporter-output>
          </reporter-output>
        </test-method> <!-- verifyselectItemAndCheckOut -->
        <test-method status="PASS" signature="tearDown()[pri:0, instance:com.automation.tests.CategoryPageTest@49139829]" name="tearDown" is-config="true" duration-ms="1" started-at="2019-04-30T00:13:11Z" finished-at="2019-04-30T00:13:11Z">
          <reporter-output>
          </reporter-output>
        </test-method> <!-- tearDown -->
      </class> <!-- com.automation.tests.CategoryPageTest -->
    </test> <!-- Default test -->
  </suite> <!-- Default suite -->
</testng-results>
